Command: report datapath > /h/d8/j/al5878la-s/ICP1/Synthesis_V2/REPORTS/datapath_TOP_TOP.rpt
============================================================
  Generated by:           Genus(TM) Synthesis Solution 16.12-s027_1
  Generated on:           Mar 09 2022  11:31:39 am
  Module:                 TOP_TOP
  Technology libraries:   CLOCK65LPHVT 
                          CORE65LPHVT 
                          SPHD110420 
                          PAD 
  Operating conditions:   typical (balanced_tree)
  Wireload mode:          enclosed
  Area mode:              timing library
============================================================


Inferred components

                       Operator   Signedness Inputs Outputs CellArea 
=====================================================================
TOP_TOP
 TOP
  inst_Controller
   MU_1
    csa_tree_add_54_52_groupi
    module:csa_tree_add_54_52_group_197_198
     slow/non_booth csa_and_adder            8x7x18 18        735.80 
---------------------------------------------------------------------
     add_54_52            +       unsigned   15x18  18               
     mul_54_38
      non_booth           *       unsigned   8x7    15               
=====================================================================
TOP_TOP
 TOP
  inst_Controller
   MU_2
    csa_tree_add_54_52_groupi
    module:csa_tree_add_54_52_group_197_198_315
     slow/non_booth csa_and_adder            8x7x18 18        735.80 
=====================================================================
TOP_TOP
 TOP
  inst_Controller
   MU_3
    csa_tree_add_54_52_groupi
    module:csa_tree_add_54_52_group_197_198_316
     slow/non_booth csa_and_adder            8x7x18 18        735.80 
=====================================================================
TOP_TOP
 TOP
  inst_Controller
   MU_4
    csa_tree_add_54_52_groupi
    module:csa_tree_add_54_52_group_197_198_317
     slow/non_booth csa_and_adder            8x7x18 18        735.80 
=====================================================================

      Type        CellArea Percentage 
--------------------------------------
datapath modules   2943.20       2.84 
external muxes        0.00       0.00 
others           100831.24      97.16 
--------------------------------------
total            103774.44     100.00 

