

Working Directory = /h/d8/j/al5878la-s/ICP1/Synthesis_V2/Synt_Script
QoS Summary for TOP_TOP
========================================================================================
Metric                  rep1      
========================================================================================
Slack (ps):                1,731
  R2R (ps):                1,731
  I2R (ps):                6,195
  R2O (ps):                6,114
  I2O (ps):             no_value
  CG  (ps):             no_value
TNS (ps):                      0
  R2R (ps):                    0
  I2R (ps):                    0
  R2O (ps):                    0
  I2O (ps):             no_value
  CG  (ps):             no_value
Failing Paths:                 0
Area:                    103,774
Instances:                 2,375
Utilization (%):            0.00
Tot. Net Length (um):   no_value
Avg. Net Length (um):   no_value
Route Overflow H (%):   no_value
Route Overflow V (%):   no_value
Seq MBCI Coverage(%):       0.00
Norm Cong Hotspot Area:
  Max Cong(4stdcell):   no_value
  Tot Cong(4stdcell):   no_value
========================================================================================
CPU  Runtime (h:m:s):   00:00:34
Real Runtime (h:m:s):   00:00:30
CPU  Elapsed (h:m:s):   00:00:41
Real Elapsed (h:m:s):   00:00:32
Memory (MB):              705.60
========================================================================================

========================================================================================
Flow Settings:
========================================================================================
Total Runtime (h:m:s): 00:00:32
Total Memory (MB):     705.60
Executable Version:    16.12
========================================================================================


