============================================================
  Generated by:           Genus(TM) Synthesis Solution 16.12-s027_1
  Generated on:           Mar 09 2022  11:31:39 am
  Module:                 TOP_TOP
  Technology libraries:   CLOCK65LPHVT 
                          CORE65LPHVT 
                          SPHD110420 
                          PAD 
  Operating conditions:   typical (balanced_tree)
  Wireload mode:          enclosed
  Area mode:              timing library
============================================================

                                           
        Gate         Instances     Area        Library     
-----------------------------------------------------------
CPAD_S_74x50u_IN            12   53760.000    PAD          
CPAD_S_74x50u_OUT            6   26880.000    PAD          
HS65_LHS_XNOR2X6             2       8.320    CORE65LPHVT  
HS65_LHS_XOR2X6             32     133.120    CORE65LPHVT  
HS65_LH_AND2X4              88     228.800    CORE65LPHVT  
HS65_LH_AND3X9               1       3.640    CORE65LPHVT  
HS65_LH_AO112X9              1       4.160    CORE65LPHVT  
HS65_LH_AO12X9              35     127.400    CORE65LPHVT  
HS65_LH_AO212X4              3      14.040    CORE65LPHVT  
HS65_LH_AO222X4              9      51.480    CORE65LPHVT  
HS65_LH_AO22X9             176     732.160    CORE65LPHVT  
HS65_LH_AO311X4              1       4.680    CORE65LPHVT  
HS65_LH_AO312X9              1       5.720    CORE65LPHVT  
HS65_LH_AO31X9               1       4.160    CORE65LPHVT  
HS65_LH_AO32X4               3      14.040    CORE65LPHVT  
HS65_LH_AOI12X2              3       7.800    CORE65LPHVT  
HS65_LH_AOI211X4             1       3.640    CORE65LPHVT  
HS65_LH_AOI21X2              1       2.600    CORE65LPHVT  
HS65_LH_BFX2                11      22.880    CORE65LPHVT  
HS65_LH_BFX9                23      47.840    CORE65LPHVT  
HS65_LH_CB4I1X9              1       4.160    CORE65LPHVT  
HS65_LH_CB4I6X4              3      12.480    CORE65LPHVT  
HS65_LH_CBI4I1X5             3      10.920    CORE65LPHVT  
HS65_LH_CBI4I6X5             1       3.640    CORE65LPHVT  
HS65_LH_CNIVX7              43      67.080    CLOCK65LPHVT 
HS65_LH_DFPQNX9              1       8.320    CORE65LPHVT  
HS65_LH_DFPQX4               7      54.600    CORE65LPHVT  
HS65_LH_DFPQX9             468    3650.400    CORE65LPHVT  
HS65_LH_DFPRQX4              2      20.800    CORE65LPHVT  
HS65_LH_DFPRQX9              3      31.200    CORE65LPHVT  
HS65_LH_FA1X4              208    1946.880    CORE65LPHVT  
HS65_LH_HA1X4               42     218.400    CORE65LPHVT  
HS65_LH_IVX18                1       2.080    CORE65LPHVT  
HS65_LH_IVX4                 8      12.480    CORE65LPHVT  
HS65_LH_IVX7                 6       9.360    CORE65LPHVT  
HS65_LH_IVX9                96     149.760    CORE65LPHVT  
HS65_LH_MUX21I1X6           11      45.760    CORE65LPHVT  
HS65_LH_MUX21X4             12      49.920    CORE65LPHVT  
HS65_LH_MUXI21X2           267     971.880    CORE65LPHVT  
HS65_LH_MX41X7              18     140.400    CORE65LPHVT  
HS65_LH_NAND2AX4             1       3.120    CORE65LPHVT  
HS65_LH_NAND2AX7            20      62.400    CORE65LPHVT  
HS65_LH_NAND2X5              2       4.160    CORE65LPHVT  
HS65_LH_NAND2X7            188     391.040    CORE65LPHVT  
HS65_LH_NAND3X3              1       2.600    CORE65LPHVT  
HS65_LH_NAND4ABX3            2       7.280    CORE65LPHVT  
HS65_LH_NOR2AX3            214     556.400    CORE65LPHVT  
HS65_LH_NOR2X5               2       4.160    CORE65LPHVT  
HS65_LH_NOR2X6             277     576.160    CORE65LPHVT  
HS65_LH_NOR3AX2              5      15.600    CORE65LPHVT  
HS65_LH_NOR3X4               5      13.000    CORE65LPHVT  
HS65_LH_NOR4ABX2             1       3.640    CORE65LPHVT  
HS65_LH_OA112X9              1       4.160    CORE65LPHVT  
HS65_LH_OA12X9               1       3.640    CORE65LPHVT  
HS65_LH_OAI112X5             1       3.640    CORE65LPHVT  
HS65_LH_OAI12X12             1       5.200    CORE65LPHVT  
HS65_LH_OAI12X3              3       7.800    CORE65LPHVT  
HS65_LH_OAI13X5              1       3.640    CORE65LPHVT  
HS65_LH_OAI212X5             2       8.320    CORE65LPHVT  
HS65_LH_OAI21X3              3       7.800    CORE65LPHVT  
HS65_LH_OAI22X6              1       3.640    CORE65LPHVT  
HS65_LH_OAI311X5             1       4.160    CORE65LPHVT  
HS65_LH_OAI31X5              4      14.560    CORE65LPHVT  
HS65_LH_OAI32X5              5      20.800    CORE65LPHVT  
HS65_LH_OR2X9                6      18.720    CORE65LPHVT  
HS65_LH_OR4X4                1       5.200    CORE65LPHVT  
HS65_LH_PAOI2X1             13      47.320    CORE65LPHVT  
HS65_LH_SDFPRQX9             1      12.480    CORE65LPHVT  
ST_SPHDL_160x32m8_L          1   12496.800    SPHD110420   
-----------------------------------------------------------
total                     2375  103774.440                 


   Library   Instances    Area   Instances % 
---------------------------------------------
CLOCK65LPHVT        43    67.080         1.8 
CORE65LPHVT       2313 10570.560        97.4 
PAD                 18 80640.000         0.8 
SPHD110420           1 12496.800         0.0 

                                           
     Type      Instances    Area    Area % 
-------------------------------------------
timing_model          19  93136.800   89.7 
sequential           482   3777.800    3.6 
inverter             154    240.760    0.2 
buffer                34     70.720    0.1 
logic               1686   6548.360    6.3 
physical_cells         0      0.000    0.0 
-------------------------------------------
total               2375 103774.440  100.0 

