============================================================
  Generated by:           Genus(TM) Synthesis Solution 16.12-s027_1
  Generated on:           Mar 09 2022  11:31:34 am
  Module:                 TOP_TOP
  Technology libraries:   CLOCK65LPHVT 
                          CORE65LPHVT 
                          SPHD110420 
                          PAD 
  Operating conditions:   typical (balanced_tree)
  Wireload mode:          enclosed
  Area mode:              timing library
============================================================

Timing
--------

Clock  Period 
--------------
myCLK 10000.0 


  Cost    Critical       Violating 
 Group   Path Slack TNS    Paths   
-----------------------------------
default      1730.7   0          0 
-----------------------------------
Total                 0          0 

Instance Count
--------------
Leaf Instance Count             2375 
Sequential Instance Count        483 
Combinational Instance Count    1892 
Hierarchical Instance Count       38 

Area
----
Cell Area                          103774.440
Physical Cell Area                 0.000
Total Cell Area (Cell+Physical)    103774.440
Net Area                           0.000
Total Area (Cell+Physical+Net)     103774.440

Runtime                            0.0 seconds
Elapsed Runtime                    38 seconds
Genus peak memory usage            705.60 
Innovus peak memory usage          no_value 
Hostname                           salaman.fransg.eit.lth.se
