============================================================
  Generated by:           Genus(TM) Synthesis Solution 16.12-s027_1
  Generated on:           Mar 09 2022  11:31:34 am
  Module:                 TOP_TOP
  Technology libraries:   CLOCK65LPHVT 
                          CORE65LPHVT 
                          SPHD110420 
                          PAD 
  Operating conditions:   typical (balanced_tree)
  Wireload mode:          enclosed
  Area mode:              timing library
============================================================

                                             Leakage  
        Gate         Instances     Area    Power (nW)     Library     
----------------------------------------------------------------------
CPAD_S_74x50u_IN            12   53760.000      0.000    PAD          
CPAD_S_74x50u_OUT            6   26880.000      0.000    PAD          
HS65_LHS_XNOR2X6             2       8.320      0.660    CORE65LPHVT  
HS65_LHS_XOR2X6             32     133.120     10.141    CORE65LPHVT  
HS65_LH_AND2X4              88     228.800     12.502    CORE65LPHVT  
HS65_LH_AND3X9               1       3.640      0.307    CORE65LPHVT  
HS65_LH_AO112X9              1       4.160      0.300    CORE65LPHVT  
HS65_LH_AO12X9              35     127.400      8.879    CORE65LPHVT  
HS65_LH_AO212X4              3      14.040      0.803    CORE65LPHVT  
HS65_LH_AO222X4              9      51.480      1.890    CORE65LPHVT  
HS65_LH_AO22X9             176     732.160     47.014    CORE65LPHVT  
HS65_LH_AO311X4              1       4.680      0.283    CORE65LPHVT  
HS65_LH_AO312X9              1       5.720      0.265    CORE65LPHVT  
HS65_LH_AO31X9               1       4.160      0.267    CORE65LPHVT  
HS65_LH_AO32X4               3      14.040      0.564    CORE65LPHVT  
HS65_LH_AOI12X2              3       7.800      0.327    CORE65LPHVT  
HS65_LH_AOI211X4             1       3.640      0.171    CORE65LPHVT  
HS65_LH_AOI21X2              1       2.600      0.141    CORE65LPHVT  
HS65_LH_BFX2                11      22.880      1.589    CORE65LPHVT  
HS65_LH_BFX9                23      47.840      4.859    CORE65LPHVT  
HS65_LH_CB4I1X9              1       4.160      0.248    CORE65LPHVT  
HS65_LH_CB4I6X4              3      12.480      0.760    CORE65LPHVT  
HS65_LH_CBI4I1X5             3      10.920      0.432    CORE65LPHVT  
HS65_LH_CBI4I6X5             1       3.640      0.216    CORE65LPHVT  
HS65_LH_CNIVX7              43      67.080      5.179    CLOCK65LPHVT 
HS65_LH_DFPQNX9              1       8.320      0.719    CORE65LPHVT  
HS65_LH_DFPQX4               7      54.600      4.770    CORE65LPHVT  
HS65_LH_DFPQX9             468    3650.400    342.646    CORE65LPHVT  
HS65_LH_DFPRQX4              2      20.800      1.437    CORE65LPHVT  
HS65_LH_DFPRQX9              3      31.200      2.291    CORE65LPHVT  
HS65_LH_FA1X4              208    1946.880     95.651    CORE65LPHVT  
HS65_LH_HA1X4               42     218.400     15.207    CORE65LPHVT  
HS65_LH_IVX18                1       2.080      0.267    CORE65LPHVT  
HS65_LH_IVX4                 8      12.480      0.761    CORE65LPHVT  
HS65_LH_IVX7                 6       9.360      0.685    CORE65LPHVT  
HS65_LH_IVX9                96     149.760     13.126    CORE65LPHVT  
HS65_LH_MUX21I1X6           11      45.760      3.633    CORE65LPHVT  
HS65_LH_MUX21X4             12      49.920      4.373    CORE65LPHVT  
HS65_LH_MUXI21X2           267     971.880     53.111    CORE65LPHVT  
HS65_LH_MX41X7              18     140.400      7.874    CORE65LPHVT  
HS65_LH_NAND2AX4             1       3.120      0.201    CORE65LPHVT  
HS65_LH_NAND2AX7            20      62.400      3.361    CORE65LPHVT  
HS65_LH_NAND2X5              2       4.160      0.285    CORE65LPHVT  
HS65_LH_NAND2X7            188     391.040     16.013    CORE65LPHVT  
HS65_LH_NAND3X3              1       2.600      0.132    CORE65LPHVT  
HS65_LH_NAND4ABX3            2       7.280      0.322    CORE65LPHVT  
HS65_LH_NOR2AX3            214     556.400     30.282    CORE65LPHVT  
HS65_LH_NOR2X5               2       4.160      0.223    CORE65LPHVT  
HS65_LH_NOR2X6             277     576.160     31.372    CORE65LPHVT  
HS65_LH_NOR3AX2              5      15.600      0.646    CORE65LPHVT  
HS65_LH_NOR3X4               5      13.000      0.942    CORE65LPHVT  
HS65_LH_NOR4ABX2             1       3.640      0.068    CORE65LPHVT  
HS65_LH_OA112X9              1       4.160      0.197    CORE65LPHVT  
HS65_LH_OA12X9               1       3.640      0.278    CORE65LPHVT  
HS65_LH_OAI112X5             1       3.640      0.180    CORE65LPHVT  
HS65_LH_OAI12X12             1       5.200      0.398    CORE65LPHVT  
HS65_LH_OAI12X3              3       7.800      0.399    CORE65LPHVT  
HS65_LH_OAI13X5              1       3.640      0.178    CORE65LPHVT  
HS65_LH_OAI212X5             2       8.320      0.638    CORE65LPHVT  
HS65_LH_OAI21X3              3       7.800      0.476    CORE65LPHVT  
HS65_LH_OAI22X6              1       3.640      0.230    CORE65LPHVT  
HS65_LH_OAI311X5             1       4.160      0.346    CORE65LPHVT  
HS65_LH_OAI31X5              4      14.560      0.790    CORE65LPHVT  
HS65_LH_OAI32X5              5      20.800      0.936    CORE65LPHVT  
HS65_LH_OR2X9                6      18.720      1.530    CORE65LPHVT  
HS65_LH_OR4X4                1       5.200      0.362    CORE65LPHVT  
HS65_LH_PAOI2X1             13      47.320      1.079    CORE65LPHVT  
HS65_LH_SDFPRQX9             1      12.480      0.875    CORE65LPHVT  
ST_SPHDL_160x32m8_L          1   12496.800   1170.000    SPHD110420   
----------------------------------------------------------------------
total                     2375  103774.440   1907.087                 


                                               Leakage  Leakage 
   Library   Instances Instances %    Area   Power (nW) Power % 
----------------------------------------------------------------
CLOCK65LPHVT        43         1.8    67.080      5.179     0.3 
CORE65LPHVT       2313        97.4 10570.560    731.908    38.4 
PAD                 18         0.8 80640.000      0.000     0.0 
SPHD110420           1         0.0 12496.800   1170.000    61.4 

                                             Leakage  Leakage 
     Type      Instances    Area    Area % Power (nW) Power % 
--------------------------------------------------------------
timing_model          19  93136.800   89.7   1170.000    61.4 
sequential           482   3777.800    3.6    352.737    18.5 
inverter             154    240.760    0.2     20.018     1.0 
buffer                34     70.720    0.1      6.448     0.3 
logic               1686   6548.360    6.3    357.885    18.8 
physical_cells         0      0.000    0.0      0.000     0.0 
--------------------------------------------------------------
total               2375 103774.440  100.0   1907.087   100.0 

