============================================================
  Generated by:           Genus(TM) Synthesis Solution 16.12-s027_1
  Generated on:           Mar 09 2022  11:31:39 am
  Module:                 TOP_TOP
  Technology libraries:   CLOCK65LPHVT 
                          CORE65LPHVT 
                          SPHD110420 
                          PAD 
  Operating conditions:   typical (balanced_tree)
  Wireload mode:          enclosed
  Area mode:              timing library
============================================================

           Pin                       Type         Fanout Load Slew Delay Arrival   
                                                         (fF) (ps)  (ps)   (ps)    
-----------------------------------------------------------------------------------
(clock myCLK)                    launch                                        0 R 
                                 latency                           +1000    1000 R 
TOP
  inst_Controller
    current_state_reg[1]/CP                                    500          1000 R 
    current_state_reg[1]/Q       HS65_LH_DFPRQX4       8 23.8  316  +677    1677 R 
    g3143/A                                                           +0    1677   
    g3143/Z                      HS65_LH_IVX9          9 22.5  177  +283    1961 F 
    g3135/B                                                           +0    1961   
    g3135/Z                      HS65_LH_NOR2X6        5 12.5  217  +243    2204 R 
    g3105/A                                                           +0    2204   
    g3105/Z                      HS65_LH_IVX9          5 12.8  111  +185    2389 F 
    g3083/B                                                           +0    2389   
    g3083/Z                      HS65_LH_NOR2X6        8 19.5  300  +259    2648 R 
    g3062/A                                                           +0    2648   
    g3062/Z                      HS65_LH_IVX9          9 21.7  170  +271    2919 F 
    g3039/D                                                           +0    2919   
    g3039/Z                      HS65_LH_AO22X9       17 50.8  270  +402    3321 F 
    drc_buf_sp3210/A                                                  +0    3321   
    drc_buf_sp3210/Z             HS65_LH_BFX9         16 48.8  258  +383    3704 F 
    MU_2/coefficient[2] 
      csa_tree_add_54_52_groupi/in_1[2] 
        g1664/B                                                       +0    3704   
        g1664/Z                  HS65_LH_NAND2X7       1  4.6   91  +172    3876 R 
        g1626/A0                                                      +0    3876   
        g1626/S0                 HS65_LH_FA1X4         1  2.9   71  +422    4298 R 
        g1625/A                                                       +0    4298   
        g1625/Z                  HS65_LH_CNIVX7        1  3.5   46   +74    4371 F 
        g1603/CI                                                      +0    4371   
        g1603/S0                 HS65_LH_FA1X4         1  4.5   89  +393    4764 R 
        g1584/B0                                                      +0    4764   
        g1584/CO                 HS65_LH_FA1X4         2  6.0  107  +269    5033 R 
        g1581/P                                                       +0    5033   
        g1581/Z                  HS65_LH_PAOI2X1       1  3.5  153  +167    5200 F 
        g1574/CI                                                      +0    5200   
        g1574/CO                 HS65_LH_FA1X4         1  3.5   86  +316    5516 F 
        g1572/CI                                                      +0    5516   
        g1572/CO                 HS65_LH_FA1X4         1  3.5   85  +272    5788 F 
        g1570/CI                                                      +0    5788   
        g1570/CO                 HS65_LH_FA1X4         1  3.5   85  +272    6060 F 
        g1568/CI                                                      +0    6060   
        g1568/CO                 HS65_LH_FA1X4         1  3.5   85  +272    6331 F 
        g1566/CI                                                      +0    6331   
        g1566/CO                 HS65_LH_FA1X4         1  3.5   85  +272    6603 F 
        g1564/CI                                                      +0    6603   
        g1564/CO                 HS65_LH_FA1X4         1  3.5   85  +272    6875 F 
        g1562/CI                                                      +0    6875   
        g1562/CO                 HS65_LH_FA1X4         1  3.1   82  +268    7143 F 
        g1561/A                                                       +0    7143   
        g1561/Z                  HS65_LH_IVX9          1  3.5   48   +77    7219 R 
        g1559/CI                                                      +0    7219   
        g1559/CO                 HS65_LH_FA1X4         1  3.5   78  +208    7428 R 
        g1558/CI                                                      +0    7428   
        g1558/CO                 HS65_LH_FA1X4         1  3.5   78  +230    7657 R 
        g1557/CI                                                      +0    7657   
        g1557/CO                 HS65_LH_FA1X4         1  2.3   65  +219    7876 R 
        g1556/B0                                                      +0    7876   
        g1556/CO                 HS65_LH_HA1X4         1  2.3   63  +191    8067 R 
        g1555/B0                                                      +0    8067   
        g1555/CO                 HS65_LH_HA1X4         1  4.2   85  +205    8272 R 
        g1554/B                                                       +0    8272   
        g1554/Z                  HS65_LHS_XOR2X6       1  2.2   84  +173    8445 R 
      csa_tree_add_54_52_groupi/out_0[17] 
      g454/D                                                          +0    8445   
      g454/Z                     HS65_LH_AO22X9        1  1.8   58  +159    8604 R 
      inst_reg/next_out[17] 
        g25/A                                                         +0    8604   
        g25/Z                    HS65_LH_NOR2AX3       1  2.1  123  +156    8760 R 
        output_reg[17]/D    <<<  HS65_LH_DFPQX9                       +0    8760   
        output_reg[17]/CP        setup                         500    +9    8769 R 
- - - - - - - - - - - - - - - - - - - - - - - - - - - - - - - - - - - - - - - - - -
(clock myCLK)                    capture                                   10000 R 
                                 latency                           +1000   11000 R 
                                 uncertainty                        -500   10500 R 
-----------------------------------------------------------------------------------
Timing slack :    1731ps 
Start-point  : TOP/inst_Controller/current_state_reg[1]/CP
End-point    : TOP/inst_Controller/MU_2/inst_reg/output_reg[17]/D
